EDA Netlist Writer report for Mul_CIC
Mon Dec 18 22:30:47 2023
Quartus II 64-Bit Version 13.1.0 Build 162 10/23/2013 SJ Full Version


---------------------
; Table of Contents ;
---------------------
  1. Legal Notice
  2. EDA Netlist Writer Summary
  3. Simulation Settings
  4. Simulation Generated Files
  5. EDA Netlist Writer Messages



----------------
; Legal Notice ;
----------------
Copyright (C) 1991-2013 Altera Corporation
Your use of Altera Corporation's design tools, logic functions 
and other software and tools, and its AMPP partner logic 
functions, and any output files from any of the foregoing 
(including device programming or simulation files), and any 
associated documentation or information are expressly subject 
to the terms and conditions of the Altera Program License 
Subscription Agreement, Altera MegaCore Function License 
Agreement, or other applicable license agreement, including, 
without limitation, that your use is for the sole purpose of 
programming logic devices manufactured by Altera and sold by 
Altera or its authorized distributors.  Please refer to the 
applicable agreement for further details.



+-------------------------------------------------------------------+
; EDA Netlist Writer Summary                                        ;
+---------------------------+---------------------------------------+
; EDA Netlist Writer Status ; Successful - Mon Dec 18 22:30:47 2023 ;
; Revision Name             ; Mul_CIC                               ;
; Top-level Entity Name     ; Mul_CIC                               ;
; Family                    ; Cyclone IV E                          ;
; Simulation Files Creation ; Successful                            ;
+---------------------------+---------------------------------------+


+------------------------------------------------------------------------------------------------------------------------+
; Simulation Settings                                                                                                    ;
+---------------------------------------------------------------------------------------------------+--------------------+
; Option                                                                                            ; Setting            ;
+---------------------------------------------------------------------------------------------------+--------------------+
; Tool Name                                                                                         ; ModelSim (Verilog) ;
; Generate netlist for functional simulation only                                                   ; Off                ;
; Time scale                                                                                        ; 1 ps               ;
; Truncate long hierarchy paths                                                                     ; Off                ;
; Map illegal HDL characters                                                                        ; Off                ;
; Flatten buses into individual nodes                                                               ; Off                ;
; Maintain hierarchy                                                                                ; Off                ;
; Bring out device-wide set/reset signals as ports                                                  ; Off                ;
; Enable glitch filtering                                                                           ; Off                ;
; Do not write top level VHDL entity                                                                ; Off                ;
; Disable detection of setup and hold time violations in the input registers of bi-directional pins ; Off                ;
; Architecture name in VHDL output netlist                                                          ; structure          ;
; Generate third-party EDA tool command script for RTL functional simulation                        ; Off                ;
; Generate third-party EDA tool command script for gate-level simulation                            ; Off                ;
+---------------------------------------------------------------------------------------------------+--------------------+


+--------------------------------------------------------------------------------------------------------------------------------------+
; Simulation Generated Files                                                                                                           ;
+--------------------------------------------------------------------------------------------------------------------------------------+
; Generated Files                                                                                                                      ;
+--------------------------------------------------------------------------------------------------------------------------------------+
; D:/FPGA_MATLAB_Learning/CIC_Filter/FPGA_Design/Act_MulCIC_Isop_HB/Quartus_Prj/simulation/modelsim/Mul_CIC_7_1200mv_100c_slow.vo      ;
; D:/FPGA_MATLAB_Learning/CIC_Filter/FPGA_Design/Act_MulCIC_Isop_HB/Quartus_Prj/simulation/modelsim/Mul_CIC_7_1200mv_-40c_slow.vo      ;
; D:/FPGA_MATLAB_Learning/CIC_Filter/FPGA_Design/Act_MulCIC_Isop_HB/Quartus_Prj/simulation/modelsim/Mul_CIC_min_1200mv_-40c_fast.vo    ;
; D:/FPGA_MATLAB_Learning/CIC_Filter/FPGA_Design/Act_MulCIC_Isop_HB/Quartus_Prj/simulation/modelsim/Mul_CIC.vo                         ;
; D:/FPGA_MATLAB_Learning/CIC_Filter/FPGA_Design/Act_MulCIC_Isop_HB/Quartus_Prj/simulation/modelsim/Mul_CIC_7_1200mv_100c_v_slow.sdo   ;
; D:/FPGA_MATLAB_Learning/CIC_Filter/FPGA_Design/Act_MulCIC_Isop_HB/Quartus_Prj/simulation/modelsim/Mul_CIC_7_1200mv_-40c_v_slow.sdo   ;
; D:/FPGA_MATLAB_Learning/CIC_Filter/FPGA_Design/Act_MulCIC_Isop_HB/Quartus_Prj/simulation/modelsim/Mul_CIC_min_1200mv_-40c_v_fast.sdo ;
; D:/FPGA_MATLAB_Learning/CIC_Filter/FPGA_Design/Act_MulCIC_Isop_HB/Quartus_Prj/simulation/modelsim/Mul_CIC_v.sdo                      ;
+--------------------------------------------------------------------------------------------------------------------------------------+


+-----------------------------+
; EDA Netlist Writer Messages ;
+-----------------------------+
Info: *******************************************************************
Info: Running Quartus II 64-Bit EDA Netlist Writer
    Info: Version 13.1.0 Build 162 10/23/2013 SJ Full Version
    Info: Processing started: Mon Dec 18 22:30:43 2023
Info: Command: quartus_eda --read_settings_files=off --write_settings_files=off Mul_CIC -c Mul_CIC
Info (204019): Generated file Mul_CIC_7_1200mv_100c_slow.vo in folder "D:/FPGA_MATLAB_Learning/CIC_Filter/FPGA_Design/Act_MulCIC_Isop_HB/Quartus_Prj/simulation/modelsim/" for EDA simulation tool
Info (204019): Generated file Mul_CIC_7_1200mv_-40c_slow.vo in folder "D:/FPGA_MATLAB_Learning/CIC_Filter/FPGA_Design/Act_MulCIC_Isop_HB/Quartus_Prj/simulation/modelsim/" for EDA simulation tool
Info (204019): Generated file Mul_CIC_min_1200mv_-40c_fast.vo in folder "D:/FPGA_MATLAB_Learning/CIC_Filter/FPGA_Design/Act_MulCIC_Isop_HB/Quartus_Prj/simulation/modelsim/" for EDA simulation tool
Info (204019): Generated file Mul_CIC.vo in folder "D:/FPGA_MATLAB_Learning/CIC_Filter/FPGA_Design/Act_MulCIC_Isop_HB/Quartus_Prj/simulation/modelsim/" for EDA simulation tool
Info (204019): Generated file Mul_CIC_7_1200mv_100c_v_slow.sdo in folder "D:/FPGA_MATLAB_Learning/CIC_Filter/FPGA_Design/Act_MulCIC_Isop_HB/Quartus_Prj/simulation/modelsim/" for EDA simulation tool
Info (204019): Generated file Mul_CIC_7_1200mv_-40c_v_slow.sdo in folder "D:/FPGA_MATLAB_Learning/CIC_Filter/FPGA_Design/Act_MulCIC_Isop_HB/Quartus_Prj/simulation/modelsim/" for EDA simulation tool
Info (204019): Generated file Mul_CIC_min_1200mv_-40c_v_fast.sdo in folder "D:/FPGA_MATLAB_Learning/CIC_Filter/FPGA_Design/Act_MulCIC_Isop_HB/Quartus_Prj/simulation/modelsim/" for EDA simulation tool
Info (204019): Generated file Mul_CIC_v.sdo in folder "D:/FPGA_MATLAB_Learning/CIC_Filter/FPGA_Design/Act_MulCIC_Isop_HB/Quartus_Prj/simulation/modelsim/" for EDA simulation tool
Info: Quartus II 64-Bit EDA Netlist Writer was successful. 0 errors, 0 warnings
    Info: Peak virtual memory: 4615 megabytes
    Info: Processing ended: Mon Dec 18 22:30:47 2023
    Info: Elapsed time: 00:00:04
    Info: Total CPU time (on all processors): 00:00:03


